2023/10/06 23:51:06 Employee Management System
2023/10/06 23:51:06 Are you user or admin? Type exit to stop
2023/10/06 23:54:06 Invalid role
2023/10/06 23:54:06 Are you user or admin? Type exit to stop
2023/10/06 23:54:07 Invalid role
2023/10/06 23:54:07 Are you user or admin? Type exit to stop
2023/10/06 23:54:07 Invalid role
2023/10/06 23:54:07 Are you user or admin? Type exit to stop
2023/10/06 23:54:07 Invalid role
2023/10/06 23:54:07 Are you user or admin? Type exit to stop
2023/10/06 23:54:49 Employee Management System
2023/10/06 23:54:49 Are you user or admin? Type exit to stop
2023/10/06 23:55:32 Welcome admin
2023/10/06 23:55:32 What task you want to perform
2023/10/06 23:55:32 1.Add Employee Details
2023/10/06 23:55:32 2.View Employee Details
2023/10/06 23:55:32 3.Update Employee Details
2023/10/06 23:55:32 4.Delete Employee Details
2023/10/06 23:55:51 Enter First Name
2023/10/06 23:55:59 Enter Last name
2023/10/06 23:56:12 Enter Email id
2023/10/06 23:56:16 Enter Password
2023/10/06 23:56:34 Enter Phone Number
2023/10/06 23:56:44 Employee Management System
2023/10/06 23:56:44 Are you user or admin? Type exit to stop

